[2022-07-22T20:39:13.172] [ERROR] error - Hubo un error en el Logeo
[2022-07-22T20:39:13.549] [ERROR] error - Hubo un error en el Logeo
[2022-07-22T20:40:25.031] [ERROR] error - Hubo un error en el Logeo
[2022-07-25T12:14:06.251] [ERROR] error - Hubo un error en el Logeo
[2022-07-25T12:56:48.229] [ERROR] error - Hubo un error en el Logeo
[2022-07-26T09:24:04.976] [ERROR] error - Hubo un error en el Logeo
[2022-07-27T11:22:49.639] [ERROR] error - Hubo un error en el Logeo
[2022-07-27T11:46:04.256] [ERROR] error - Hubo un error en el Logeo
[2022-07-28T18:47:07.450] [ERROR] error - Hubo un error en el Logeo
[2022-07-28T18:53:33.633] [ERROR] error - Hubo un error en el Logeo
[2022-07-28T19:02:41.897] [ERROR] error - Hubo un error en el Logeo
[2022-07-28T19:09:19.035] [ERROR] error - Hubo un error en el Logeo
[2022-07-29T07:53:38.803] [ERROR] error - Hubo un error en el Logeo
[2022-07-29T08:01:04.264] [ERROR] error - Hubo un error en el Logeo
[2022-07-29T08:02:12.143] [ERROR] error - Hubo un error en el Logeo
[2022-07-29T08:03:52.777] [ERROR] error - Hubo un error en el Logeo
[2022-07-29T08:05:39.974] [ERROR] error - Hubo un error en el Logeo
[2022-07-29T08:05:44.037] [ERROR] error - Hubo un error en el Logeo
[2022-07-29T08:05:55.422] [ERROR] error - Hubo un error en el Logeo
[2022-07-29T08:07:09.473] [ERROR] error - Hubo un error en el Logeo
[2022-07-29T08:10:51.250] [ERROR] error - Hubo un error en el Logeo
[2022-07-29T08:20:20.753] [ERROR] error - Hubo un error en el Logeo
[2022-07-29T08:23:27.201] [ERROR] error - Hubo un error en el Logeo
[2022-07-29T08:34:07.691] [ERROR] error - Hubo un error en el Logeo
[2022-07-29T08:35:35.721] [ERROR] error - Hubo un error en el Logeo
[2022-07-29T08:37:11.751] [ERROR] error - Hubo un error en el Logeo
[2022-07-29T08:38:36.931] [ERROR] error - Hubo un error en el Logeo
[2022-07-29T08:41:43.752] [ERROR] error - Hubo un error en el Logeo
[2022-07-29T08:42:03.881] [ERROR] error - Hubo un error en el Logeo
[2022-07-29T08:54:11.140] [ERROR] error - Hubo un error en el Logeo
[2022-07-29T08:56:01.898] [ERROR] error - Hubo un error en el Logeo
[2022-07-29T09:45:06.670] [ERROR] error - Hubo un error en el Logeo
[2022-07-29T10:10:23.818] [ERROR] error - Hubo un error en el Logeo
[2022-07-29T10:59:10.145] [ERROR] error - Hubo un error en el Logeo
[2022-07-29T11:29:16.646] [ERROR] error - Hubo un error en el Logeo
[2022-07-31T12:50:57.969] [ERROR] error - Hubo un error en el Logeo
[2022-07-31T13:23:16.221] [ERROR] error - Hubo un error en el Logeo
[2022-07-31T13:26:29.210] [ERROR] error - Hubo un error en el Logeo
[2022-07-31T13:26:51.958] [ERROR] error - Hubo un error en el Logeo
[2022-07-31T13:33:09.642] [ERROR] error - Hubo un error en el Logeo
[2022-07-31T13:33:26.205] [ERROR] error - Hubo un error en el Logeo
[2022-07-31T18:12:14.612] [ERROR] error - Hubo un error en el Logeo
[2022-08-01T11:19:17.138] [ERROR] error - Hubo un error en el Logeo
[2022-08-01T11:50:09.547] [ERROR] error - Hubo un error en el Logeo
[2022-08-01T12:17:49.439] [ERROR] error - Hubo un error en el Logeo
[2022-08-01T12:54:32.626] [ERROR] error - Hubo un error en el Logeo
[2022-08-01T12:58:09.301] [ERROR] error - Hubo un error en el Logeo
[2022-08-01T13:01:51.542] [ERROR] error - Hubo un error en el Logeo
[2022-08-02T13:44:26.163] [ERROR] error - Hubo un error en el Logeo
[2022-08-02T13:56:38.824] [ERROR] error - Hubo un error en el Logeo
[2022-08-02T14:03:15.145] [ERROR] error - Hubo un error en el Logeo
[2022-08-02T14:21:28.888] [ERROR] error - Hubo un error en el Logeo
[2022-08-02T14:24:44.862] [ERROR] error - Hubo un error en el Logeo
[2022-08-02T14:28:34.873] [ERROR] error - Hubo un error en el Logeo
[2022-08-02T14:30:12.685] [ERROR] error - Hubo un error en el Logeo
[2022-08-02T14:35:50.333] [ERROR] error - Hubo un error en el Logeo
[2022-08-02T14:36:07.528] [ERROR] error - Hubo un error en el Logeo
[2022-08-02T14:37:18.433] [ERROR] error - Hubo un error en el Logeo
[2022-08-02T14:39:07.299] [ERROR] error - Hubo un error en el Logeo
[2022-08-02T14:40:50.857] [ERROR] error - Hubo un error en el Logeo
[2022-08-02T14:44:38.977] [ERROR] error - Hubo un error en el Logeo
[2022-08-02T14:46:48.028] [ERROR] error - Hubo un error en el Logeo
[2022-08-02T14:51:06.186] [ERROR] error - Hubo un error en el Logeo
[2022-08-02T14:53:10.094] [ERROR] error - Hubo un error en el Logeo
[2022-08-02T14:56:27.398] [ERROR] error - Hubo un error en el Logeo
[2022-08-02T15:42:49.316] [ERROR] error - Hubo un error en el Logeo
[2022-08-02T15:46:02.095] [ERROR] error - Hubo un error en el Logeo
[2022-08-02T15:47:08.077] [ERROR] error - Hubo un error en el Logeo
[2022-08-02T15:47:08.607] [ERROR] error - Hubo un error en el Logeo
[2022-08-02T15:50:41.011] [ERROR] error - Hubo un error en el Logeo
[2022-08-02T15:55:18.572] [ERROR] error - Hubo un error en el Logeo
[2022-08-02T15:57:18.639] [ERROR] error - Hubo un error en el Logeo
[2022-08-02T15:59:50.402] [ERROR] error - Hubo un error en el Logeo
[2022-08-02T16:01:23.412] [ERROR] error - Hubo un error en el Logeo
[2022-08-02T16:05:16.109] [ERROR] error - Hubo un error en el Logeo
[2022-08-02T16:06:30.702] [ERROR] error - Hubo un error en el Logeo
[2022-08-02T16:10:26.538] [ERROR] error - Hubo un error en el Logeo
[2022-08-02T16:13:06.893] [ERROR] error - Hubo un error en el Logeo
[2022-08-02T16:14:25.373] [ERROR] error - Hubo un error en el Logeo
[2022-08-02T16:15:13.784] [ERROR] error - Hubo un error en el Logeo
[2022-08-02T16:32:42.993] [ERROR] error - Hubo un error en el Logeo
[2022-08-02T16:34:37.016] [ERROR] error - Hubo un error en el Logeo
[2022-08-02T16:37:22.861] [ERROR] error - Hubo un error en el Logeo
[2022-08-02T16:39:38.726] [ERROR] error - Hubo un error en el Logeo
[2022-08-02T16:40:39.549] [ERROR] error - Hubo un error en el Logeo
[2022-08-02T16:44:07.422] [ERROR] error - Hubo un error en el Logeo
[2022-08-02T16:47:48.237] [ERROR] error - Hubo un error en el Logeo
[2022-08-02T16:51:09.361] [ERROR] error - Hubo un error en el Logeo
[2022-08-02T16:54:35.229] [ERROR] error - Hubo un error en el Logeo
[2022-08-02T21:03:02.885] [ERROR] error - Hubo un error en el Logeo
[2022-08-02T21:05:34.377] [ERROR] error - Hubo un error en el Logeo
[2022-08-03T00:17:00.905] [ERROR] error - Hubo un error en el Logeo
[2022-08-03T00:39:18.591] [ERROR] error - Hubo un error en el Logeo
[2022-08-03T00:44:00.876] [ERROR] error - Hubo un error en el Logeo
[2022-08-03T00:47:55.411] [ERROR] error - Hubo un error en el Logeo
[2022-08-03T06:45:17.852] [ERROR] error - Hubo un error al intentar enviar el sms-> sms.js 20
[2022-08-03T06:46:49.614] [ERROR] error - Hubo un error en el Logeo
[2022-08-03T06:46:58.415] [ERROR] error - Hubo un error al intentar enviar el sms-> sms.js 20
[2022-08-03T06:47:13.816] [ERROR] error - Hubo un error al intentar enviar el sms-> sms.js 20
[2022-08-03T06:48:20.845] [ERROR] error - Hubo un error en el Logeo
[2022-08-03T06:48:30.236] [ERROR] error - Hubo un error al intentar enviar el sms-> sms.js 20
[2022-08-03T06:48:46.490] [ERROR] error - Hubo un error al intentar enviar el sms-> sms.js 20
[2022-08-03T06:49:16.088] [ERROR] error - Hubo un error al intentar enviar el sms-> sms.js 20
[2022-08-03T06:49:22.968] [ERROR] error - Hubo un error al intentar enviar el sms-> sms.js 20
[2022-08-03T06:51:21.333] [ERROR] error - Hubo un error en el Logeo
[2022-08-03T06:52:54.747] [ERROR] error - Hubo un error en el Logeo
[2022-08-03T06:53:03.211] [ERROR] error - Hubo un error al intentar enviar el sms-> sms.js 20
[2022-08-03T06:59:55.556] [ERROR] error - Hubo un error en el Logeo
[2022-08-03T07:03:49.523] [ERROR] error - Hubo un error en el Logeo
[2022-08-03T07:05:57.322] [ERROR] error - Hubo un error en el Logeo
[2022-08-03T07:08:36.197] [ERROR] error - Hubo un error en el Logeo
[2022-08-03T07:14:46.435] [ERROR] error - Hubo un error en el Logeo
[2022-08-03T07:56:27.506] [ERROR] error - Hubo un error al intentar enviar el sms-> sms.js 20
[2022-08-03T20:30:12.382] [ERROR] error - Hubo un error al intentar enviar el sms-> sms.js 20
[2022-08-03T20:34:52.470] [ERROR] error - Hubo un error en el Logeo
[2022-08-03T20:35:09.329] [ERROR] error - Hubo un error al intentar enviar el sms-> sms.js 20
[2022-08-03T20:42:20.194] [ERROR] error - Hubo un error en el Logeo
[2022-08-03T20:42:39.841] [ERROR] error - Hubo un error al intentar enviar el sms-> sms.js 20
[2022-08-03T20:42:41.058] [ERROR] error - Hubo un error al intentar enviar el sms-> sms.js 20
[2022-08-03T20:44:17.238] [ERROR] error - Hubo un error en el Logeo
[2022-08-03T20:44:30.420] [ERROR] error - Hubo un error al intentar enviar el sms-> sms.js 20
[2022-08-03T20:44:36.077] [ERROR] error - Hubo un error al intentar enviar el WHATSSAP-> sms.js 20
[2022-08-03T20:45:50.656] [ERROR] error - Hubo un error en el Logeo
[2022-08-03T20:46:04.388] [ERROR] error - Hubo un error al intentar enviar el sms-> sms.js 20
[2022-08-03T20:52:42.666] [ERROR] error - Hubo un error en el Logeo
[2022-08-03T20:53:15.128] [ERROR] error - Hubo un error al intentar enviar el sms-> sms.js 20
[2022-08-03T21:00:03.681] [ERROR] error - Hubo un error en el Logeo
[2022-08-03T21:01:42.413] [ERROR] error - Hubo un error al intentar enviar el sms-> sms.js 20
[2022-08-03T21:06:38.171] [ERROR] error - Hubo un error en el Logeo
[2022-08-03T21:08:33.300] [ERROR] error - Hubo un error en el Logeo
[2022-08-03T21:09:58.726] [ERROR] error - Hubo un error en el Logeo
[2022-08-03T21:10:18.573] [ERROR] error - Hubo un error al intentar enviar el sms-> sms.js 20
[2022-08-03T21:11:21.049] [ERROR] error - Hubo un error en el Logeo
[2022-08-03T21:13:11.613] [ERROR] error - Hubo un error al intentar enviar el sms-> sms.js 20
[2022-08-03T21:19:11.410] [ERROR] error - Hubo un error al intentar enviar el sms-> sms.js 20
[2022-08-03T21:30:18.979] [ERROR] error - Hubo un error al intentar enviar el sms-> sms.js 20
[2022-08-03T21:33:06.299] [ERROR] error - Hubo un error al intentar enviar el sms-> sms.js 20
[2022-08-03T21:44:13.735] [ERROR] error - Hubo un error en el Logeo
[2022-08-03T21:44:28.179] [ERROR] error - Hubo un error al intentar enviar el sms-> sms.js 20
[2022-08-03T21:52:42.894] [ERROR] error - Hubo un error en el Logeo
[2022-08-03T21:53:16.370] [ERROR] error - Hubo un error al intentar enviar el sms-> sms.js 20
[2022-08-03T21:58:14.317] [ERROR] error - Hubo un error en el Logeo
[2022-08-03T21:58:31.472] [ERROR] error - Hubo un error al intentar enviar el sms-> sms.js 20
[2022-09-17T04:43:37.054] [ERROR] error - Hubo un error en el Logeo
[2022-09-17T05:27:47.553] [ERROR] error - Hubo un error en el Logeo
[2022-09-20T06:06:02.965] [ERROR] error - Hubo un error en el Logeo
[2022-09-20T06:06:09.082] [ERROR] error - Hubo un error en el Logeo
[2022-09-20T06:07:02.028] [ERROR] error - Hubo un error en el Logeo
[2022-09-20T06:09:57.935] [ERROR] error - Hubo un error en el Logeo
[2022-09-20T06:11:54.738] [ERROR] error - Hubo un error en el Logeo
[2022-09-20T06:14:12.228] [ERROR] error - Hubo un error en el Logeo
[2022-09-20T06:14:18.438] [ERROR] error - Hubo un error en el Logeo
[2022-09-20T06:15:40.797] [ERROR] error - Hubo un error en el Logeo
[2022-09-20T06:49:20.548] [ERROR] error - Hubo un error en el Logeo
[2022-09-20T06:51:08.278] [ERROR] error - Hubo un error en el Logeo
[2022-09-20T06:56:42.421] [ERROR] error - Hubo un error en el Logeo
[2022-09-20T07:01:02.758] [ERROR] error - Hubo un error en el Logeo
[2022-09-20T07:02:32.634] [ERROR] error - Hubo un error en el Logeo
[2022-09-20T07:05:26.040] [ERROR] error - Hubo un error en el Logeo
[2022-09-20T07:07:24.809] [ERROR] error - Hubo un error en el Logeo
[2022-09-20T07:08:48.415] [ERROR] error - Hubo un error en el Logeo
[2022-09-20T07:12:33.264] [ERROR] error - Hubo un error en el Logeo
[2022-09-20T07:14:18.452] [ERROR] error - Hubo un error en el Logeo
[2022-09-20T07:26:28.300] [ERROR] error - Hubo un error en el Logeo
[2022-09-20T07:28:05.942] [ERROR] error - Hubo un error en el Logeo
[2022-09-20T07:30:14.654] [ERROR] error - Hubo un error en el Logeo
[2022-09-20T07:36:41.489] [ERROR] error - Hubo un error en el Logeo
[2022-09-20T07:37:52.919] [ERROR] error - Hubo un error en el Logeo
[2022-09-20T07:42:36.076] [ERROR] error - Hubo un error en el Logeo
[2022-09-20T07:52:17.985] [ERROR] error - Hubo un error en el Logeo
[2022-09-20T07:53:30.074] [ERROR] error - Hubo un error en el Logeo
[2022-09-20T07:54:00.708] [ERROR] error - Hubo un error en el Logeo
[2022-09-20T07:57:04.327] [ERROR] error - Hubo un error en el Logeo
[2022-09-20T07:58:16.927] [ERROR] error - Hubo un error en el Logeo
[2022-09-22T08:08:57.508] [ERROR] error - Hubo un error en el Logeo
[2022-09-22T08:13:20.267] [ERROR] error - Hubo un error en el Logeo
[2022-09-22T08:19:36.307] [ERROR] error - Hubo un error en el Logeo
[2022-09-22T08:21:02.285] [ERROR] error - Hubo un error en el Logeo
[2022-09-22T08:23:57.993] [ERROR] error - Hubo un error en el Logeo
[2022-09-22T08:26:32.211] [ERROR] error - Hubo un error al intentar enviar el sms-> sms.js 20
[2022-09-22T08:26:32.965] [ERROR] error - Hubo un error al intentar enviar el WHATSSAP-> sms.js 42
[2022-09-22T08:30:37.572] [ERROR] error - Hubo un error en el Logeo
[2022-09-22T08:31:21.318] [ERROR] error - Hubo un error en el Logeo
[2022-09-22T08:33:11.010] [ERROR] error - Hubo un error en el Logeo
[2022-09-22T08:35:06.654] [ERROR] error - Hubo un error en el Logeo
[2022-09-22T08:40:52.759] [ERROR] error - Hubo un error en el Logeo
[2022-09-22T08:43:12.293] [ERROR] error - Hubo un error en el Logeo
[2022-09-22T08:48:47.757] [ERROR] error - Hubo un error en el Logeo
[2022-09-22T08:48:52.179] [ERROR] error - Hubo un error en el Logeo
[2022-09-22T08:51:00.906] [ERROR] error - Hubo un error en el Logeo
[2022-09-22T08:52:20.670] [ERROR] error - Hubo un error en el Logeo
[2022-09-22T08:53:06.987] [ERROR] error - Hubo un error en el Logeo
[2022-09-22T08:55:01.246] [ERROR] error - Hubo un error en el Logeo
[2022-09-22T08:57:50.545] [ERROR] error - Hubo un error en el Logeo
[2022-09-22T09:01:00.166] [ERROR] error - Hubo un error en el Logeo
[2022-09-22T09:02:48.238] [ERROR] error - Hubo un error en el Logeo
[2022-09-22T09:03:53.213] [ERROR] error - Hubo un error en el Logeo
[2022-09-22T09:06:27.784] [ERROR] error - Hubo un error en el Logeo
[2022-09-22T09:08:33.892] [ERROR] error - Hubo un error en el Logeo
[2022-09-22T09:10:23.693] [ERROR] error - Hubo un error en el Logeo
[2022-09-22T09:11:29.330] [ERROR] error - Hubo un error en el Logeo
[2022-09-22T09:13:35.499] [ERROR] error - Hubo un error en el Logeo
[2022-09-22T09:18:47.069] [ERROR] error - Hubo un error en el Logeo
[2022-09-22T09:20:55.646] [ERROR] error - Hubo un error en el Logeo
[2022-09-22T09:22:39.276] [ERROR] error - Hubo un error en el Logeo
[2022-09-22T09:23:52.998] [ERROR] error - Hubo un error en el Logeo
[2022-09-22T09:24:56.348] [ERROR] error - Hubo un error en el Logeo
[2022-09-22T09:25:45.473] [ERROR] error - Hubo un error en el Logeo
[2022-09-22T09:26:49.739] [ERROR] error - Hubo un error en el Logeo
[2022-09-23T03:21:25.065] [ERROR] error - Hubo un error en el Logeo
[2022-09-23T03:21:29.351] [ERROR] error - Hubo un error en el Logeo
[2022-09-23T03:23:02.599] [ERROR] error - Hubo un error en el Logeo
[2022-09-23T03:23:41.630] [ERROR] error - Hubo un error en el Logeo
[2022-09-23T03:25:51.443] [ERROR] error - Hubo un error en el Logeo
[2022-09-23T03:36:14.275] [ERROR] error - Hubo un error en el Logeo
[2022-09-23T03:36:34.164] [ERROR] error - Hubo un error al intentar enviar el sms-> sms.js 20
[2022-09-23T03:36:34.778] [ERROR] error - Hubo un error al intentar enviar el WHATSSAP-> sms.js 42
[2022-09-23T03:43:12.524] [ERROR] error - Hubo un error en el Logeo
[2022-09-23T03:45:37.527] [ERROR] error - Hubo un error en el Logeo
[2022-09-23T03:47:14.098] [ERROR] error - Hubo un error en el Logeo
[2022-09-23T03:47:29.705] [ERROR] error - Hubo un error al intentar enviar el sms-> sms.js 20
[2022-09-23T03:47:30.406] [ERROR] error - Hubo un error al intentar enviar el WHATSSAP-> sms.js 42
[2022-09-23T03:47:30.438] [ERROR] error - Hubo un error al intentar enviar el WHATSSAP-> sms.js 61
[2022-09-23T03:51:19.100] [ERROR] error - Hubo un error en el Logeo
[2022-09-23T03:51:35.077] [ERROR] error - Hubo un error al intentar enviar el sms-> sms.js 20
[2022-09-23T03:51:35.697] [ERROR] error - Hubo un error al intentar enviar el WHATSSAP-> sms.js 42
[2022-09-23T03:51:35.734] [ERROR] error - Hubo un error al intentar enviar el WHATSSAP-> sms.js 61
[2022-09-23T04:14:49.157] [ERROR] error - Hubo un error en el Logeo
[2022-09-23T04:15:04.935] [ERROR] error - Hubo un error al intentar enviar el sms-> sms.js 20
[2022-09-23T04:15:05.634] [ERROR] error - Hubo un error al intentar enviar el WHATSSAP-> sms.js 42
[2022-09-23T04:15:05.651] [ERROR] error - Hubo un error al intentar enviar el WHATSSAP-> sms.js 61
[2022-09-23T04:26:20.386] [ERROR] error - Hubo un error en el Logeo
[2022-09-23T04:26:37.776] [ERROR] error - Hubo un error al intentar enviar el sms-> sms.js 20
[2022-09-23T04:26:38.425] [ERROR] error - Hubo un error al intentar enviar el WHATSSAP-> sms.js 42
[2022-09-23T04:26:38.461] [ERROR] error - Hubo un error al intentar enviar el WHATSSAP-> sms.js 61
[2022-09-23T04:44:08.220] [ERROR] error - Error: Hubo un error en la ruta del Chat
[2022-09-23T04:44:15.914] [ERROR] error - Error: Hubo un error en la ruta del Chat
[2022-09-23T04:49:59.578] [ERROR] error - Hubo un error en el Logeo
[2022-09-23T05:52:17.013] [ERROR] error - Hubo un error en el Logeo
[2022-09-23T06:14:55.381] [ERROR] error - Error: Hubo un error en la ruta del Chat
[2022-09-23T06:19:08.956] [ERROR] error - Error: Hubo un error en la ruta del Chat
[2022-09-23T11:43:58.421] [ERROR] error - Hubo un error al intentar enviar el sms-> sms.js 20
[2022-09-23T11:43:59.067] [ERROR] error - Hubo un error al intentar enviar el WHATSSAP-> sms.js 42
[2022-09-23T11:43:59.083] [ERROR] error - Hubo un error al intentar enviar el WHATSSAP-> sms.js 61
[2022-09-23T12:36:38.559] [ERROR] error - Hubo un error en el Logeo
[2022-09-23T12:37:52.136] [ERROR] error - Hubo un error en el Logeo
[2022-09-23T12:45:33.688] [ERROR] error - Hubo un error en el Logeo
[2022-09-23T12:45:44.137] [ERROR] error - Hubo un error en el Logeo
[2022-09-23T12:45:56.070] [ERROR] error - Hubo un error en el Logeo
[2022-09-23T12:48:34.143] [ERROR] error - Hubo un error en el Logeo
[2022-09-24T04:03:48.888] [ERROR] error - Hubo un error en el Logeo
[2022-09-24T04:04:26.300] [ERROR] error - Hubo un error en el Logeo
[2022-09-24T04:04:29.318] [ERROR] error - Hubo un error en el Logeo
[2022-09-24T04:26:43.274] [ERROR] error - Hubo un error en el Logeo
[2022-09-24T05:04:21.664] [ERROR] error - Hubo un error en el Logeo
[2022-09-24T05:17:04.446] [ERROR] error - Hubo un error en el Logeo
[2022-09-24T05:18:06.442] [ERROR] error - Hubo un error en el Logeo
[2022-09-24T05:20:34.319] [ERROR] error - Hubo un error en el Logeo
[2022-09-24T06:09:24.959] [ERROR] error - Hubo un error en el Logeo
[2022-09-24T06:16:23.324] [ERROR] error - Hubo un error en el Logeo
[2022-09-24T06:27:31.904] [ERROR] error - Hubo un error en el Logeo
[2022-09-24T07:18:11.169] [ERROR] error - Error: Hubo un error en la ruta del Chat
[2022-09-24T07:18:11.183] [ERROR] error - Error: Hubo un error en la ruta del Chat
[2022-09-25T07:52:32.595] [ERROR] error - Error: Hubo un error en la ruta del Chat
[2022-09-25T07:55:16.512] [ERROR] error - Error: Hubo un error en la ruta del Chat
[2022-09-25T07:59:13.421] [ERROR] error - Error: Hubo un error en la ruta del Chat
[2022-09-25T08:16:29.944] [ERROR] error - Hubo un error en el Logeo
[2022-09-25T08:17:37.001] [ERROR] error - Hubo un error en el Logeo
[2022-09-25T08:34:18.097] [ERROR] error - Hubo un error en el Logeo
[2022-09-25T08:50:21.619] [ERROR] error - Hubo un error en el Logeo
[2022-09-25T08:50:34.438] [ERROR] error - Hubo un error en el Logeo
[2022-09-25T08:56:32.417] [ERROR] error - Hubo un error en el Logeo
[2022-09-25T08:57:40.893] [ERROR] error - Hubo un error en el Logeo
[2022-09-25T09:08:42.633] [ERROR] error - Error: Hubo un error en la ruta del Chat
[2022-09-25T09:08:50.596] [ERROR] error - Error: Hubo un error en la ruta del Chat
[2022-09-25T09:11:50.127] [ERROR] error - Error: Hubo un error en la ruta del Chat
[2022-09-25T09:12:52.511] [ERROR] error - Hubo un error en el Logeo
[2022-09-25T09:13:37.668] [ERROR] error - Hubo un error en el Logeo
[2022-09-25T09:19:34.131] [ERROR] error - Hubo un error en el Logeo
[2022-09-25T09:20:07.028] [ERROR] error - Hubo un error en el Logeo
[2022-09-25T09:28:31.855] [ERROR] error - Hubo un error en el Logeo
[2022-09-25T09:29:01.069] [ERROR] error - Hubo un error en el Logeo
[2022-09-25T09:29:55.194] [ERROR] error - Hubo un error en el Logeo
[2022-09-25T09:30:59.173] [ERROR] error - Hubo un error en el Logeo
[2022-09-25T09:35:13.436] [ERROR] error - Hubo un error en el Logeo
[2022-09-25T09:35:44.507] [ERROR] error - Hubo un error en el Logeo
[2022-09-25T11:44:27.255] [ERROR] error - Hubo un error en el Logeo
[2022-09-25T11:46:47.484] [ERROR] error - Hubo un error en el Logeo
[2022-09-25T11:53:54.853] [ERROR] error - Hubo un error en el Logeo
[2022-09-25T11:54:50.764] [ERROR] error - Hubo un error en el Logeo
[2022-09-25T11:57:34.200] [ERROR] error - Hubo un error en el Logeo
[2022-09-25T11:58:16.899] [ERROR] error - Hubo un error en el Logeo
[2022-09-25T12:00:41.127] [ERROR] error - Hubo un error en el Logeo
[2022-09-25T12:02:10.124] [ERROR] error - Hubo un error en el Logeo
[2022-09-25T12:04:06.484] [ERROR] error - Hubo un error en el Logeo
[2022-09-25T12:11:14.431] [ERROR] error - Hubo un error en el Logeo
[2022-09-25T13:05:17.733] [ERROR] error - Hubo un error en el Logeo
[2022-09-25T13:06:24.139] [ERROR] error - Hubo un error en el Logeo
[2022-09-25T13:12:23.304] [ERROR] error - Hubo un error en el Logeo
[2022-09-25T13:16:22.900] [ERROR] error - Hubo un error en el Logeo
[2022-09-25T16:34:55.530] [ERROR] error - Hubo un error en el Logeo
[2022-09-25T16:50:13.976] [ERROR] error - Hubo un error en el Logeo
[2022-09-25T16:58:28.179] [ERROR] error - Hubo un error en el Logeo
[2022-09-25T16:59:44.681] [ERROR] error - Hubo un error en el Logeo
[2022-09-25T17:00:39.785] [ERROR] error - Hubo un error en el Logeo
[2022-09-25T17:09:01.893] [ERROR] error - Hubo un error en el Logeo
[2022-09-25T17:16:09.686] [ERROR] error - Hubo un error en el Logeo
[2022-09-25T17:18:55.249] [ERROR] error - Hubo un error en el Logeo
[2022-09-25T17:56:08.050] [ERROR] error - Hubo un error en el Logeo
[2022-09-25T18:00:55.780] [ERROR] error - Hubo un error en el Logeo
[2022-09-25T18:02:00.364] [ERROR] error - Hubo un error en el Logeo
[2022-09-25T18:02:51.229] [ERROR] error - Hubo un error en el Logeo
[2022-09-25T18:04:02.703] [ERROR] error - Hubo un error al intentar enviar el sms-> sms.js 20
[2022-09-25T18:04:03.780] [ERROR] error - Hubo un error al intentar enviar el WHATSSAP-> sms.js 42
[2022-09-25T18:04:03.789] [ERROR] error - Hubo un error al intentar enviar el WHATSSAP-> sms.js 61
[2022-09-25T18:07:08.709] [ERROR] error - Hubo un error en el Logeo
[2022-09-25T18:08:22.321] [ERROR] error - Hubo un error en el Logeo
[2022-09-25T18:09:01.435] [ERROR] error - Hubo un error en el Logeo
[2022-09-25T18:09:47.998] [ERROR] error - Hubo un error en el Logeo
[2022-09-25T18:10:32.802] [ERROR] error - Hubo un error en el Logeo
[2022-09-25T18:11:25.783] [ERROR] error - Hubo un error en el Logeo
[2022-09-25T18:14:10.629] [ERROR] error - Hubo un error en el Logeo
[2022-09-25T18:16:14.343] [ERROR] error - Hubo un error en el Logeo
[2022-09-25T18:17:42.476] [ERROR] error - Hubo un error en el Logeo
[2022-09-25T18:18:35.590] [ERROR] error - Hubo un error en el Logeo
[2022-09-25T18:19:06.967] [ERROR] error - Hubo un error en el Logeo
[2022-09-25T18:20:37.611] [ERROR] error - Hubo un error en el Logeo
[2022-09-25T18:22:20.565] [ERROR] error - Hubo un error en el Logeo
[2022-09-25T18:23:14.678] [ERROR] error - Hubo un error en el Logeo
[2022-09-25T18:23:52.536] [ERROR] error - Hubo un error en el Logeo
[2022-09-25T18:24:37.551] [ERROR] error - Hubo un error en el Logeo
[2022-09-25T18:25:18.498] [ERROR] error - Hubo un error en el Logeo
[2022-09-25T18:26:38.728] [ERROR] error - Hubo un error en el Logeo
[2022-09-25T18:27:54.224] [ERROR] error - Hubo un error en el Logeo
[2022-09-25T18:28:33.649] [ERROR] error - Hubo un error al intentar enviar el sms-> sms.js 20
[2022-09-25T18:28:34.695] [ERROR] error - Hubo un error al intentar enviar el WHATSSAP-> sms.js 42
[2022-09-25T18:28:34.703] [ERROR] error - Hubo un error al intentar enviar el WHATSSAP-> sms.js 61
[2022-09-25T18:29:53.526] [ERROR] error - Hubo un error en el Logeo
[2022-09-25T18:56:48.019] [ERROR] error - Hubo un error en el Logeo
[2022-09-25T18:58:08.360] [ERROR] error - Hubo un error en el Logeo
[2022-09-25T19:02:30.309] [ERROR] error - Hubo un error en el Logeo
[2022-09-25T19:03:04.631] [ERROR] error - Hubo un error en el Logeo
[2022-09-25T19:04:25.759] [ERROR] error - Hubo un error en el Logeo
[2022-09-25T19:05:24.447] [ERROR] error - Hubo un error en el Logeo
[2022-09-25T19:07:04.717] [ERROR] error - Hubo un error en el Logeo
[2022-09-25T19:07:53.172] [ERROR] error - Hubo un error en el Logeo
[2022-09-25T19:11:35.987] [ERROR] error - Hubo un error en el Logeo
[2022-09-25T19:11:58.297] [ERROR] error - Hubo un error en el Logeo
[2022-09-26T03:42:48.730] [ERROR] error - Hubo un error en el Logeo
[2022-09-26T03:45:24.462] [ERROR] error - Hubo un error en el Logeo
[2022-09-26T03:48:25.337] [ERROR] error - Hubo un error en el Logeo
[2022-09-26T03:48:45.812] [ERROR] error - Hubo un error en el Logeo
[2022-09-26T03:51:19.126] [ERROR] error - Hubo un error en el Logeo
[2022-09-26T03:52:11.152] [ERROR] error - Hubo un error en el Logeo
[2022-09-26T03:53:13.001] [ERROR] error - Hubo un error en el Logeo
[2022-09-26T03:53:43.104] [ERROR] error - Hubo un error en el Logeo
[2022-09-26T03:54:43.050] [ERROR] error - Hubo un error en el Logeo
[2022-09-26T04:00:47.295] [ERROR] error - Hubo un error en el Logeo
[2022-09-26T04:02:38.451] [ERROR] error - Hubo un error en el Logeo
[2022-09-26T04:02:58.105] [ERROR] error - Hubo un error en el Logeo
[2022-09-26T04:04:39.354] [ERROR] error - Hubo un error en el Logeo
[2022-09-26T04:05:28.582] [ERROR] error - Hubo un error en el Logeo
[2022-09-26T04:09:15.586] [ERROR] error - Hubo un error en el Logeo
[2022-09-26T04:11:27.876] [ERROR] error - Hubo un error en el Logeo
[2022-09-26T04:13:33.624] [ERROR] error - Hubo un error en el Logeo
[2022-09-26T04:15:04.606] [ERROR] error - Hubo un error en el Logeo
[2022-09-26T04:16:36.368] [ERROR] error - Hubo un error en el Logeo
[2022-09-26T04:17:07.518] [ERROR] error - Hubo un error en el Logeo
[2022-09-26T04:17:55.589] [ERROR] error - Hubo un error en el Logeo
[2022-09-26T04:17:58.639] [ERROR] error - Hubo un error en el Logeo
[2022-09-26T04:18:42.884] [ERROR] error - Hubo un error en el Logeo
[2022-09-26T04:19:28.970] [ERROR] error - Hubo un error en el Logeo
[2022-09-26T04:20:46.862] [ERROR] error - Hubo un error en el Logeo
[2022-09-26T04:22:56.412] [ERROR] error - Hubo un error en el Logeo
[2022-09-26T04:24:38.669] [ERROR] error - Hubo un error en el Logeo
[2022-09-26T04:25:36.671] [ERROR] error - Hubo un error en el Logeo
[2022-09-26T04:26:39.722] [ERROR] error - Hubo un error en el Logeo
[2022-09-26T04:27:08.317] [ERROR] error - Hubo un error en el Logeo
[2022-09-26T04:28:21.683] [ERROR] error - Hubo un error en el Logeo
[2022-09-26T04:29:53.379] [ERROR] error - Hubo un error en el Logeo
[2022-09-26T04:30:03.710] [ERROR] error - Hubo un error al intentar enviar el sms-> sms.js 20
[2022-09-26T04:30:04.857] [ERROR] error - Hubo un error al intentar enviar el WHATSSAP-> sms.js 61
[2022-09-26T04:30:04.870] [ERROR] error - Hubo un error al intentar enviar el WHATSSAP-> sms.js 42
[2022-09-26T04:33:02.708] [ERROR] error - Hubo un error en el Logeo
[2022-09-26T04:34:04.645] [ERROR] error - Hubo un error en el Logeo
[2022-09-26T04:36:39.726] [ERROR] error - Hubo un error en el Logeo
[2022-09-26T04:40:45.030] [ERROR] error - Hubo un error en el Logeo
[2022-09-26T04:46:30.609] [ERROR] error - Hubo un error en el Logeo
[2022-09-26T04:50:30.299] [ERROR] error - Hubo un error en el Logeo
[2022-09-26T04:51:44.314] [ERROR] error - Hubo un error en el Logeo
[2022-09-26T04:59:06.393] [ERROR] error - Hubo un error en el Logeo
[2022-09-26T05:02:44.724] [ERROR] error - Hubo un error en el Logeo
[2022-09-26T05:03:57.532] [ERROR] error - Hubo un error en el Logeo
[2022-09-26T05:05:18.065] [ERROR] error - Hubo un error en el Logeo
[2022-09-26T05:06:37.073] [ERROR] error - Hubo un error en el Logeo
[2022-09-26T05:10:09.730] [ERROR] error - Hubo un error en el Logeo
[2022-09-26T05:13:39.055] [ERROR] error - Hubo un error en el Logeo
[2022-09-26T05:14:36.799] [ERROR] error - Hubo un error en el Logeo
[2022-09-26T05:23:00.804] [ERROR] error - Hubo un error en el Logeo
[2022-09-26T05:23:38.041] [ERROR] error - Hubo un error en el Logeo
[2022-09-26T05:25:29.566] [ERROR] error - Hubo un error en el Logeo
[2022-09-26T05:25:59.307] [ERROR] error - Hubo un error en el Logeo
[2022-09-26T05:30:50.840] [ERROR] error - Hubo un error en el Logeo
[2022-09-26T05:32:16.066] [ERROR] error - Hubo un error en el Logeo
[2022-09-26T05:33:18.960] [ERROR] error - Hubo un error en el Logeo
[2022-09-26T05:35:06.424] [ERROR] error - Hubo un error en el Logeo
[2022-09-26T05:35:34.613] [ERROR] error - Hubo un error en el Logeo
[2022-09-26T05:36:30.669] [ERROR] error - Hubo un error en el Logeo
[2022-09-26T05:39:04.211] [ERROR] error - Hubo un error en el Logeo
[2022-09-26T05:40:15.945] [ERROR] error - Hubo un error en el Logeo
[2022-09-26T05:42:51.634] [ERROR] error - Hubo un error en el Logeo
[2022-09-26T05:45:30.920] [ERROR] error - Hubo un error en el Logeo
[2022-09-26T05:49:06.780] [ERROR] error - Hubo un error en el Logeo
[2022-09-26T05:49:58.851] [ERROR] error - Hubo un error en el Logeo
[2022-09-26T05:53:11.133] [ERROR] error - Hubo un error en el Logeo
[2022-09-26T05:53:54.362] [ERROR] error - Hubo un error en el Logeo
[2022-09-26T05:55:12.519] [ERROR] error - Hubo un error en el Logeo
[2022-09-26T06:02:07.249] [ERROR] error - Hubo un error en el Logeo
[2022-09-26T06:03:20.042] [ERROR] error - Hubo un error en el Logeo
[2022-09-26T06:05:07.602] [ERROR] error - Hubo un error en el Logeo
[2022-09-26T06:06:04.096] [ERROR] error - Hubo un error en el Logeo
[2022-09-26T07:13:28.758] [ERROR] error - Hubo un error en el Logeo
[2022-09-26T07:14:34.618] [ERROR] error - Hubo un error en el Logeo
[2022-09-26T07:15:12.659] [ERROR] error - Hubo un error en el Logeo
[2022-09-26T07:15:59.778] [ERROR] error - Hubo un error en el Logeo
[2022-09-26T07:20:28.793] [ERROR] error - Hubo un error en el Logeo
[2022-09-26T07:29:20.439] [ERROR] error - Hubo un error en el Logeo
[2022-09-26T07:30:55.409] [ERROR] error - Hubo un error en el Logeo
[2022-09-26T07:32:26.280] [ERROR] error - Hubo un error en el Logeo
[2022-09-26T07:33:43.020] [ERROR] error - Hubo un error en el Logeo
[2022-09-26T07:34:41.314] [ERROR] error - Hubo un error en el Logeo
[2022-09-26T07:35:13.436] [ERROR] error - Hubo un error en el Logeo
[2022-09-26T07:36:15.978] [ERROR] error - Hubo un error en el Logeo
[2022-09-26T07:36:50.705] [ERROR] error - Hubo un error en el Logeo
[2022-09-26T07:37:14.681] [ERROR] error - Hubo un error en el Logeo
[2022-09-26T07:38:06.056] [ERROR] error - Hubo un error en el Logeo
[2022-09-26T07:39:06.557] [ERROR] error - Hubo un error en el Logeo
[2022-09-26T07:39:35.539] [ERROR] error - Hubo un error en el Logeo
[2022-09-26T07:40:01.789] [ERROR] error - Hubo un error en el Logeo
[2022-09-26T07:41:01.223] [ERROR] error - Hubo un error en el Logeo
[2022-09-26T07:41:34.752] [ERROR] error - Hubo un error en el Logeo
[2022-09-26T08:00:57.838] [ERROR] error - Hubo un error en el Logeo
[2022-09-26T08:02:07.698] [ERROR] error - Hubo un error en el Logeo
[2022-09-26T08:07:25.419] [ERROR] error - Hubo un error en el Logeo
[2022-09-26T08:07:54.716] [ERROR] error - Hubo un error en el Logeo
[2022-09-26T08:08:27.060] [ERROR] error - Hubo un error en el Logeo
[2022-09-26T08:10:03.147] [ERROR] error - Hubo un error en el Logeo
[2022-09-26T08:11:02.554] [ERROR] error - Hubo un error en el Logeo
[2022-09-26T08:17:23.413] [ERROR] error - Hubo un error en el Logeo
[2022-09-26T08:18:01.157] [ERROR] error - Hubo un error en el Logeo
[2022-09-26T08:23:02.707] [ERROR] error - Hubo un error en el Logeo
[2022-09-26T08:24:44.282] [ERROR] error - Hubo un error en el Logeo
[2022-09-26T08:25:51.313] [ERROR] error - Hubo un error en el Logeo
[2022-09-26T08:26:40.949] [ERROR] error - Hubo un error en el Logeo
[2022-09-26T14:35:02.039] [ERROR] error - Hubo un error al intentar enviar el sms-> sms.js 20
[2022-09-26T14:35:03.198] [ERROR] error - Hubo un error al intentar enviar el WHATSSAP-> sms.js 61
[2022-09-26T14:35:03.206] [ERROR] error - Hubo un error al intentar enviar el WHATSSAP-> sms.js 42
[2022-09-26T14:37:20.725] [ERROR] error - Hubo un error en el Logeo
[2022-09-26T14:39:04.870] [ERROR] error - Hubo un error en el Logeo
[2022-09-26T14:41:43.345] [ERROR] error - Hubo un error en el Logeo
[2022-09-26T14:43:29.794] [ERROR] error - Hubo un error en el Logeo
[2022-09-26T14:44:44.283] [ERROR] error - Hubo un error en el Logeo
[2022-09-26T14:45:12.003] [ERROR] error - Hubo un error en el Logeo
[2022-09-26T14:45:38.920] [ERROR] error - Hubo un error en el Logeo
[2022-09-26T14:46:35.404] [ERROR] error - Hubo un error en el Logeo
[2022-09-26T14:47:17.364] [ERROR] error - Hubo un error en el Logeo
[2022-09-26T14:48:02.405] [ERROR] error - Hubo un error en el Logeo
[2022-09-26T14:49:01.415] [ERROR] error - Hubo un error en el Logeo
[2022-09-26T14:51:32.231] [ERROR] error - Hubo un error en el Logeo
[2022-09-26T14:52:16.029] [ERROR] error - Hubo un error en el Logeo
[2022-09-26T14:53:01.729] [ERROR] error - Hubo un error en el Logeo
[2022-09-26T14:53:36.138] [ERROR] error - Hubo un error en el Logeo
[2022-09-26T14:54:45.179] [ERROR] error - Hubo un error en el Logeo
[2022-09-26T14:55:36.621] [ERROR] error - Hubo un error en el Logeo
[2022-09-26T14:56:17.269] [ERROR] error - Hubo un error en el Logeo
[2022-09-26T14:59:12.049] [ERROR] error - Hubo un error en el Logeo
[2022-09-26T15:06:51.391] [ERROR] error - Hubo un error en el Logeo
[2022-09-26T15:08:14.302] [ERROR] error - Hubo un error en el Logeo
[2022-09-26T15:08:54.405] [ERROR] error - Hubo un error en el Logeo
[2022-09-26T15:12:37.374] [ERROR] error - Hubo un error en el Logeo
[2022-09-26T15:13:26.281] [ERROR] error - Hubo un error en el Logeo
[2022-09-26T15:15:53.178] [ERROR] error - Hubo un error en el Logeo
[2022-09-26T15:18:46.781] [ERROR] error - Hubo un error en el Logeo
[2022-09-26T15:34:09.510] [ERROR] error - Hubo un error en el Logeo
[2022-09-26T15:35:31.296] [ERROR] error - Hubo un error en el Logeo
[2022-09-26T16:03:04.987] [ERROR] error - Hubo un error en el Logeo
[2022-09-26T16:14:02.642] [ERROR] error - Hubo un error en el Logeo
[2022-09-26T16:15:35.130] [ERROR] error - Hubo un error en el Logeo
[2022-09-26T16:17:06.799] [ERROR] error - Hubo un error en el Logeo
[2022-09-26T16:20:10.147] [ERROR] error - Hubo un error en el Logeo
[2022-09-26T16:26:05.840] [ERROR] error - Hubo un error en el Logeo
[2022-09-26T16:49:21.737] [ERROR] error - Hubo un error en el Logeo
[2022-09-26T16:51:39.067] [ERROR] error - Hubo un error en el Logeo
[2022-09-26T16:52:32.375] [ERROR] error - Hubo un error en el Logeo
[2022-09-26T16:55:44.626] [ERROR] error - Hubo un error en el Logeo
[2022-09-27T16:29:31.507] [ERROR] error - Hubo un error en el Logeo
[2022-09-27T16:30:25.219] [ERROR] error - Hubo un error en el Logeo
[2022-09-27T16:31:11.873] [ERROR] error - Hubo un error en el Logeo
[2022-09-27T16:32:13.883] [ERROR] error - Hubo un error en el Logeo
[2022-09-27T16:33:39.499] [ERROR] error - Hubo un error en el Logeo
[2022-09-27T16:58:24.323] [ERROR] error - Hubo un error en el Logeo
[2022-09-27T17:04:00.672] [ERROR] error - Hubo un error en el Logeo
[2022-09-27T17:05:00.659] [ERROR] error - Hubo un error en el Logeo
[2022-09-27T17:06:41.327] [ERROR] error - Hubo un error en el Logeo
[2022-09-27T17:09:55.700] [ERROR] error - Hubo un error en el Logeo
[2022-09-27T17:11:53.096] [ERROR] error - Hubo un error en el Logeo
[2022-09-27T17:13:05.432] [ERROR] error - Hubo un error en el Logeo
[2022-09-27T17:14:21.595] [ERROR] error - Hubo un error en el Logeo
[2022-09-27T17:15:27.387] [ERROR] error - Hubo un error en el Logeo
[2022-09-27T17:16:26.636] [ERROR] error - Hubo un error en el Logeo
[2022-09-27T17:25:19.698] [ERROR] error - Hubo un error en el Logeo
[2022-09-27T17:25:58.764] [ERROR] error - Hubo un error en el Logeo
[2022-09-27T17:26:55.632] [ERROR] error - Hubo un error en el Logeo
[2022-09-27T17:27:39.579] [ERROR] error - Hubo un error en el Logeo
[2022-09-27T17:28:06.249] [ERROR] error - Hubo un error en el Logeo
[2022-09-27T17:33:31.669] [ERROR] error - Hubo un error en el Logeo
[2022-09-27T17:34:35.815] [ERROR] error - Hubo un error en el Logeo
[2022-09-27T17:35:51.520] [ERROR] error - Hubo un error en el Logeo
[2022-09-27T17:37:07.207] [ERROR] error - Hubo un error en el Logeo
[2022-09-27T17:39:40.579] [ERROR] error - Hubo un error en el Logeo
[2022-09-27T17:40:45.618] [ERROR] error - Hubo un error en el Logeo
[2022-09-27T17:41:35.690] [ERROR] error - Hubo un error en el Logeo
[2022-09-27T17:43:31.876] [ERROR] error - Hubo un error en el Logeo
[2022-09-27T17:58:22.461] [ERROR] error - Hubo un error en el Logeo
[2022-09-27T18:00:54.400] [ERROR] error - Hubo un error en el Logeo
[2022-09-27T18:02:07.133] [ERROR] error - Hubo un error en el Logeo
[2022-09-27T18:03:00.128] [ERROR] error - Hubo un error en el Logeo
[2022-09-27T18:09:49.705] [ERROR] error - Hubo un error en el Logeo
[2022-09-27T18:20:31.886] [ERROR] error - Hubo un error en el Logeo
[2022-09-27T18:21:32.785] [ERROR] error - Hubo un error en el Logeo
[2022-09-27T18:22:11.335] [ERROR] error - Hubo un error en el Logeo
[2022-09-27T18:24:42.021] [ERROR] error - Hubo un error en el Logeo
[2022-09-27T19:06:31.155] [ERROR] error - Hubo un error en el Logeo
[2022-09-30T15:51:28.395] [ERROR] error - Hubo un error en el Logeo
[2022-09-30T15:52:35.809] [ERROR] error - Hubo un error en el Logeo
[2022-09-30T15:53:08.198] [ERROR] error - Hubo un error en el Logeo
[2022-09-30T15:54:26.901] [ERROR] error - Hubo un error en el Logeo
[2022-09-30T15:54:30.315] [ERROR] error - Hubo un error en el Logeo
[2022-09-30T15:55:27.739] [ERROR] error - Hubo un error en el Logeo
[2022-09-30T15:56:10.379] [ERROR] error - Hubo un error en el Logeo
[2022-09-30T15:56:57.267] [ERROR] error - Hubo un error en el Logeo
[2022-09-30T15:58:13.505] [ERROR] error - Hubo un error en el Logeo
[2022-09-30T16:00:03.341] [ERROR] error - Hubo un error en el Logeo
[2022-09-30T16:01:09.031] [ERROR] error - Hubo un error en el Logeo
[2022-09-30T16:31:50.166] [ERROR] error - Hubo un error en el Logeo
[2022-09-30T16:37:57.556] [ERROR] error - Hubo un error en el Logeo
[2022-09-30T16:40:56.686] [ERROR] error - Hubo un error en el Logeo
[2022-09-30T16:42:34.113] [ERROR] error - Hubo un error en el Logeo
[2022-09-30T16:44:06.234] [ERROR] error - Hubo un error en el Logeo
[2022-09-30T16:45:45.922] [ERROR] error - Hubo un error en el Logeo
[2022-09-30T16:50:19.206] [ERROR] error - Hubo un error en el Logeo
[2022-09-30T16:51:14.592] [ERROR] error - Hubo un error en el Logeo
[2022-09-30T16:52:12.327] [ERROR] error - Hubo un error en el Logeo
[2022-09-30T16:53:13.604] [ERROR] error - Hubo un error en el Logeo
[2022-09-30T16:53:48.999] [ERROR] error - Hubo un error en el Logeo
[2022-09-30T16:55:15.879] [ERROR] error - Hubo un error en el Logeo
[2022-09-30T16:56:08.229] [ERROR] error - Hubo un error en el Logeo
[2022-09-30T16:56:45.356] [ERROR] error - Hubo un error en el Logeo
[2022-09-30T16:58:03.846] [ERROR] error - Hubo un error en el Logeo
[2022-09-30T16:58:46.016] [ERROR] error - Hubo un error en el Logeo
[2022-09-30T20:01:34.882] [ERROR] error - Hubo un error en el Logeo
[2022-09-30T20:07:36.750] [ERROR] error - Hubo un error en el Logeo
[2022-09-30T20:11:41.694] [ERROR] error - Hubo un error en el Logeo
[2022-09-30T20:12:20.304] [ERROR] error - Hubo un error en el Logeo
[2022-09-30T20:17:28.057] [ERROR] error - Hubo un error en el Logeo
[2022-09-30T20:22:58.785] [ERROR] error - Hubo un error en el Logeo
[2022-09-30T20:24:35.203] [ERROR] error - Hubo un error en el Logeo
[2022-09-30T20:25:24.006] [ERROR] error - Hubo un error en el Logeo
[2022-09-30T20:27:08.192] [ERROR] error - Hubo un error en el Logeo
[2022-09-30T20:30:32.131] [ERROR] error - Hubo un error en el Logeo
[2022-09-30T20:31:45.888] [ERROR] error - Hubo un error en el Logeo
[2022-09-30T20:32:57.070] [ERROR] error - Hubo un error en el Logeo
[2022-09-30T20:35:11.145] [ERROR] error - Hubo un error en el Logeo
[2022-09-30T20:38:57.762] [ERROR] error - Hubo un error en el Logeo
[2022-10-01T05:22:51.396] [ERROR] error - Hubo un error en el Logeo
[2022-10-01T05:24:35.762] [ERROR] error - Hubo un error en el Logeo
[2022-10-01T05:27:01.099] [ERROR] error - Hubo un error en el Logeo
[2022-10-01T05:37:26.904] [ERROR] error - Hubo un error en el Logeo
[2022-10-01T05:55:31.774] [ERROR] error - Hubo un error en el Logeo
[2022-10-01T06:38:00.994] [ERROR] error - Hubo un error en el Logeo
[2022-10-01T06:39:28.724] [ERROR] error - Hubo un error en el Logeo
[2022-10-01T06:40:29.396] [ERROR] error - Hubo un error en el Logeo
[2022-10-01T06:42:46.330] [ERROR] error - Hubo un error en el Logeo
[2022-10-01T06:43:24.258] [ERROR] error - Hubo un error en el Logeo
[2022-10-01T06:46:36.002] [ERROR] error - Hubo un error en el Logeo
[2022-10-01T06:48:16.699] [ERROR] error - Hubo un error en el Logeo
[2022-10-02T05:02:30.037] [ERROR] error - Hubo un error en el Logeo
[2022-10-02T05:09:28.111] [ERROR] error - Hubo un error en el Logeo
[2022-10-02T05:10:21.698] [ERROR] error - Hubo un error en el Logeo
[2022-10-02T05:11:13.969] [ERROR] error - Hubo un error en el Logeo
[2022-10-02T05:16:31.601] [ERROR] error - Hubo un error en el Logeo
[2022-10-02T05:20:09.414] [ERROR] error - Hubo un error en el Logeo
[2022-10-02T05:20:56.650] [ERROR] error - Hubo un error en el Logeo
[2022-10-02T05:22:36.078] [ERROR] error - Hubo un error en el Logeo
[2022-10-02T05:23:28.953] [ERROR] error - Hubo un error en el Logeo
[2022-10-02T05:24:53.216] [ERROR] error - Hubo un error en el Logeo
[2022-10-02T05:46:47.417] [ERROR] error - Hubo un error en el Logeo
[2022-10-02T05:58:58.033] [ERROR] error - Hubo un error en el Logeo
[2022-10-02T07:11:33.767] [ERROR] error - Hubo un error en el Logeo
[2022-10-02T07:16:43.160] [ERROR] error - Hubo un error en el Logeo
[2022-10-02T07:54:48.639] [ERROR] error - Hubo un error en el Logeo
[2022-10-02T07:56:32.955] [ERROR] error - Hubo un error en el Logeo
[2022-10-02T08:03:22.596] [ERROR] error - Hubo un error en el Logeo
[2022-10-02T08:03:26.525] [ERROR] error - Hubo un error en el Logeo
[2022-10-02T08:04:32.501] [ERROR] error - Hubo un error en el Logeo
[2022-10-02T08:08:03.802] [ERROR] error - Hubo un error en el Logeo
[2022-10-02T08:09:16.760] [ERROR] error - Hubo un error en el Logeo
[2022-10-02T08:10:06.678] [ERROR] error - Hubo un error en el Logeo
[2022-10-02T08:11:45.050] [ERROR] error - Hubo un error en el Logeo
[2022-10-02T08:12:44.992] [ERROR] error - Hubo un error en el Logeo
[2022-10-02T08:14:57.880] [ERROR] error - Hubo un error en el Logeo
[2022-10-02T08:17:26.508] [ERROR] error - Hubo un error en el Logeo
[2022-10-02T08:19:51.602] [ERROR] error - Hubo un error en el Logeo
[2022-10-02T08:21:17.538] [ERROR] error - Hubo un error en el Logeo
[2022-10-02T08:22:27.168] [ERROR] error - Hubo un error en el Logeo
[2022-10-02T08:23:00.374] [ERROR] error - Hubo un error en el Logeo
[2022-10-02T08:29:51.446] [ERROR] error - Hubo un error en el Logeo
[2022-10-02T08:31:30.247] [ERROR] error - Hubo un error en el Logeo
[2022-10-02T08:32:38.913] [ERROR] error - Hubo un error en el Logeo
[2022-10-02T08:33:17.855] [ERROR] error - Hubo un error en el Logeo
[2022-10-02T08:34:46.996] [ERROR] error - Hubo un error en el Logeo
[2022-10-02T08:38:38.773] [ERROR] error - Hubo un error en el Logeo
[2022-10-02T08:41:59.535] [ERROR] error - Hubo un error en el Logeo
[2022-10-02T08:45:17.872] [ERROR] error - Hubo un error en el Logeo
[2022-10-02T08:49:10.272] [ERROR] error - Hubo un error en el Logeo
[2022-10-02T08:50:57.136] [ERROR] error - Hubo un error en el Logeo
[2022-10-02T08:52:30.250] [ERROR] error - Hubo un error en el Logeo
[2022-10-02T08:53:18.932] [ERROR] error - Hubo un error en el Logeo
[2022-10-02T08:55:31.266] [ERROR] error - Hubo un error en el Logeo
[2022-10-02T08:57:05.157] [ERROR] error - Hubo un error en el Logeo
[2022-10-02T08:59:41.895] [ERROR] error - Hubo un error en el Logeo
[2022-10-02T09:01:32.245] [ERROR] error - Hubo un error en el Logeo
[2022-10-02T09:04:23.702] [ERROR] error - Hubo un error en el Logeo
[2022-10-02T09:08:33.900] [ERROR] error - Hubo un error en el Logeo
[2022-10-02T09:10:11.978] [ERROR] error - Hubo un error en el Logeo
[2022-10-02T09:16:28.269] [ERROR] error - Hubo un error en el Logeo
[2022-10-02T09:26:05.010] [ERROR] error - Hubo un error en el Logeo
[2022-10-22T08:03:45.250] [ERROR] error - Hubo un error en el Logeo
[2022-10-22T08:05:05.862] [ERROR] error - Hubo un error en el Logeo
[2022-10-29T09:41:35.369] [ERROR] error - Hubo un error en el Logeo
[2022-10-29T09:43:15.432] [ERROR] error - Hubo un error en el Logeo
[2022-10-29T09:43:58.263] [ERROR] error - Hubo un error en el Logeo
[2022-10-29T09:44:53.481] [ERROR] error - Hubo un error en el Logeo
[2022-10-29T09:45:00.439] [ERROR] error - Hubo un error al intentar enviar el sms-> sms.js 20
[2022-10-29T09:55:54.998] [ERROR] error - Hubo un error en el Logeo
[2022-10-29T09:56:00.997] [ERROR] error - Hubo un error al intentar enviar el sms-> sms.js 20
[2022-10-29T10:00:19.700] [ERROR] error - Hubo un error en el Logeo
[2022-10-29T10:00:27.772] [ERROR] error - Hubo un error al intentar enviar el sms-> sms.js 20
[2022-10-29T10:01:34.629] [ERROR] error - Hubo un error en el Logeo
[2022-10-29T10:01:39.410] [ERROR] error - Hubo un error al intentar enviar el sms-> sms.js 20
[2022-10-29T10:05:22.996] [ERROR] error - Hubo un error en el Logeo
[2022-10-29T10:05:28.663] [ERROR] error - Hubo un error al intentar enviar el sms-> sms.js 20
[2022-10-29T10:05:59.152] [ERROR] error - Hubo un error en el Logeo
[2022-10-29T10:06:05.678] [ERROR] error - Hubo un error al intentar enviar el sms-> sms.js 20
[2022-10-29T10:12:53.217] [ERROR] error - Hubo un error en el Logeo
[2022-10-29T10:12:59.714] [ERROR] error - Hubo un error al intentar enviar el sms-> sms.js 20
[2022-10-29T10:13:46.012] [ERROR] error - Hubo un error en el Logeo
[2022-10-29T10:13:51.795] [ERROR] error - Hubo un error al intentar enviar el sms-> sms.js 20
[2022-11-03T07:16:15.438] [ERROR] error - Hubo un error en el Logeo
[2022-11-03T07:25:00.342] [ERROR] error - Hubo un error en el Logeo
[2022-11-06T07:30:01.532] [ERROR] error - Hubo un error en el Logeo
[2022-11-06T08:30:45.582] [ERROR] error - Hubo un error en el Logeo
[2022-11-06T08:32:51.608] [ERROR] error - Hubo un error en el Logeo
[2022-11-06T08:33:52.735] [ERROR] error - Hubo un error en el Logeo
[2022-11-06T08:35:24.919] [ERROR] error - Hubo un error en el Logeo
[2022-11-06T08:36:53.599] [ERROR] error - Hubo un error en el Logeo
[2022-11-06T08:37:29.142] [ERROR] error - Hubo un error en el Logeo
[2022-11-06T08:42:14.997] [ERROR] error - Hubo un error en el Logeo
[2022-11-06T08:42:50.084] [ERROR] error - Hubo un error en el Logeo
[2022-11-06T08:46:16.396] [ERROR] error - Hubo un error en el Logeo
[2022-11-06T08:50:19.455] [ERROR] error - Hubo un error en el Logeo
[2022-11-06T08:51:06.176] [ERROR] error - Hubo un error en el Logeo
[2022-11-06T08:54:38.316] [ERROR] error - Hubo un error en el Logeo
[2022-11-06T08:55:41.411] [ERROR] error - Hubo un error en el Logeo
[2022-11-06T08:55:47.104] [ERROR] error - Hubo un error al intentar enviar el sms-> sms.js 20
[2022-11-06T08:58:02.622] [ERROR] error - Hubo un error en el Logeo
[2022-11-06T09:02:42.900] [ERROR] error - Hubo un error en el Logeo
[2022-11-06T09:12:04.552] [ERROR] error - Hubo un error en el Logeo
[2022-11-06T09:14:21.178] [ERROR] error - Hubo un error en el Logeo
